<?xml version="1.0" encoding="UTF-8"?>
<!-- Generated by org.testng.reporters.JUnitXMLReporter -->
<testsuite hostname="PKLTP014" name="Test4" tests="3" failures="0" timestamp="8 Mar 2016 06:20:10 GMT" time="93.671" errors="0">
  <testcase name="GetPassword" time="52.012" classname="defaultpackage.RenewFWA"/>
  <testcase name="RenewASIS" time="17.155" classname="defaultpackage.RenewFWA"/>
  <testcase name="RenewWAWS" time="18.492" classname="defaultpackage.RenewFWA"/>
</testsuite> <!-- Test4 -->
